2024-01-08 19:48:15,866 - pachong - INFO - Torrent文件已保存到：M:\download\种子\爬取的种子\剃刀边缘.torrent
2024-01-08 19:48:15,866 - pachong - INFO - 文件 '剃刀边缘' 下载完成，并已记录。
2024-01-08 19:48:30,971 - pachong - INFO - Torrent文件已保存到：M:\download\种子\爬取的种子\兄弟恰似爱人.torrent
2024-01-08 19:48:30,971 - pachong - INFO - 文件 '兄弟恰似爱人' 下载完成，并已记录。
2024-01-17 20:14:02,526 - log - INFO - Torrent文件已保存到：M:\download\种子\爬取的种子\美国最后一宗罪案.torrent
2024-01-17 20:14:02,527 - log - INFO - 文件 '美国最后一宗罪案' 下载完成，并已记录。
2024-01-17 20:14:03,842 - log - INFO - Torrent文件已保存到：M:\download\种子\爬取的种子\苏丹娜的梦.torrent
2024-01-17 20:14:03,843 - log - INFO - 文件 '苏丹娜的梦' 下载完成，并已记录。
2024-01-17 20:14:05,565 - log - INFO - Torrent文件已保存到：M:\download\种子\爬取的种子\蝴蝶梦.torrent
2024-01-17 20:14:05,565 - log - INFO - 文件 '蝴蝶梦' 下载完成，并已记录。
2024-01-17 20:14:06,873 - log - INFO - Torrent文件已保存到：M:\download\种子\爬取的种子\假面.torrent
2024-01-17 20:14:06,874 - log - INFO - 文件 '假面' 下载完成，并已记录。
2024-01-17 20:14:08,211 - log - INFO - Torrent文件已保存到：M:\download\种子\爬取的种子\婚姻故事.torrent
2024-01-17 20:14:08,212 - log - INFO - 文件 '婚姻故事' 下载完成，并已记录。
2024-01-17 20:14:09,546 - log - INFO - Torrent文件已保存到：M:\download\种子\爬取的种子\女孩们都很好.torrent
2024-01-17 20:14:09,546 - log - INFO - 文件 '女孩们都很好' 下载完成，并已记录。
2024-01-17 20:14:10,893 - log - INFO - Torrent文件已保存到：M:\download\种子\爬取的种子\贫民区牛仔.torrent
2024-01-17 20:14:10,894 - log - INFO - 文件 '贫民区牛仔' 下载完成，并已记录。
2024-01-17 20:14:12,221 - log - INFO - Torrent文件已保存到：M:\download\种子\爬取的种子\死亡护理师.torrent
2024-01-17 20:14:12,222 - log - INFO - 文件 '死亡护理师' 下载完成，并已记录。
2024-01-17 20:41:55,887 - log - INFO - Torrent文件已保存到：M:\download\种子\爬取的种子\猎袭2.torrent
2024-01-17 20:41:55,887 - log - INFO - 文件 '猎袭2' 下载完成，并已记录。
2024-01-17 20:41:55,889 - log - INFO - 爬虫开始休息
2024-01-17 21:02:04,026 - log - INFO - 爬虫等待完成
2024-01-17 21:02:05,045 - log - INFO - 爬虫运行中
2024-01-17 21:02:14,299 - log - INFO - Torrent文件已保存到：M:\download\种子\爬取的种子\红手印.torrent
2024-01-17 21:02:14,299 - log - INFO - 文件 '红手印' 下载完成，并已记录。2024-01-18 13:54:11,076 - log - INFO - 爬虫运行中
2024-01-18 13:57:07,113 - log - INFO - 爬虫运行中
2024-01-18 13:57:14,236 - log - INFO - 爬虫开始休息
2024-01-18 13:59:51,233 - log - INFO - 爬虫运行中
2024-01-18 13:59:58,759 - log - INFO - 没有找到下载链接
2024-01-18 13:59:58,760 - log - INFO - 爬虫开始休息
2024-01-18 14:01:47,960 - log - INFO - 爬虫运行中
2024-01-18 14:01:56,068 - log - INFO - Torrent文件已保存到：M:\download\种子\爬取的种子\心理测量者：天意 PSYCHO-PASS：PROVIDENCE 剧场版.torrent
2024-01-18 14:01:56,069 - log - INFO - 文件 '心理测量者：天意 PSYCHO-PASS：PROVIDENCE 剧场版' 下载完成，并已记录。
2024-01-18 14:01:56,070 - log - INFO - 爬虫开始休息
2024-01-18 14:02:57,842 - log - INFO - 爬虫运行中
2024-01-18 14:03:04,487 - log - INFO - 爬虫开始休息
2024-01-18 14:18:15,882 - log - INFO - 爬虫运行中
2024-01-18 14:18:22,747 - log - INFO - 爬虫开始休息
2024-01-18 14:19:02,036 - log - INFO - 爬虫启动中...
2024-01-18 14:19:03,005 - log - INFO - 爬虫运行中
2024-01-18 14:19:09,484 - log - INFO - 爬虫开始休息
2024-01-18 14:19:52,954 - log - INFO - 爬虫启动中...
2024-01-18 14:19:53,716 - log - INFO - 爬虫运行中
2024-01-18 14:20:00,031 - log - INFO - 爬虫开始休息
2024-01-18 14:20:55,228 - log - INFO - 爬虫运行中
2024-01-18 14:21:01,669 - log - INFO - 爬虫开始休息
